
                            < M A T L A B (R) >
                  Copyright 1984-2016 The MathWorks, Inc.
                   R2016b (9.1.0.441655) 64-bit (glnxa64)
                             September 7, 2016

 
To get started, type one of these: helpwin, helpdesk, or demo.
For product information, visit www.mathworks.com.
 
.......................................................................................................................................................................................................................................................................*.................................................................*..................................................................................................................*....................................................................................................................................................................................................................................................................................................................................................................................................................................................................................*......................................................................................................*
optimization finished, #iter = 1010370
nu = 0.023030
obj = -40.176579, rho = -28.192786
nSV = 45, nBSV = 39
Total nSV = 45
61 Left - YTMA140-1_HE_good_10 Tile - 1 Folder Left - In Folder 140 
Skipping 1 YTMA140-1_HE_good_10 
60 Left - YTMA140-1_HE_good_11 Tile - 1 Folder Left - In Folder 140 
Skipping 1 YTMA140-1_HE_good_11 
59 Left - YTMA140-1_HE_good_13 Tile - 1 Folder Left - In Folder 140 
Skipping 1 YTMA140-1_HE_good_13 
58 Left - YTMA140-1_HE_good_14 Tile - 1 Folder Left - In Folder 140 
Skipping 1 YTMA140-1_HE_good_14 
57 Left - YTMA140-1_HE_good_15 Tile - 1 Folder Left - In Folder 140 
Skipping 1 YTMA140-1_HE_good_15 
56 Left - YTMA140-1_HE_good_16 Tile - 1 Folder Left - In Folder 140 
Skipping 1 YTMA140-1_HE_good_16 
55 Left - YTMA140-1_HE_good_18 Tile - 1 Folder Left - In Folder 140 
Skipping 1 YTMA140-1_HE_good_18 
54 Left - YTMA140-1_HE_good_19 Tile - 1 Folder Left - In Folder 140 
Skipping 1 YTMA140-1_HE_good_19 
53 Left - YTMA140-1_HE_good_20 Tile - 1 Folder Left - In Folder 140 
Skipping 1 YTMA140-1_HE_good_20 
52 Left - YTMA140-1_HE_good_22 Tile - 1 Folder Left - In Folder 140 
Skipping 1 YTMA140-1_HE_good_22 
51 Left - YTMA140-1_HE_good_23 Tile - 1 Folder Left - In Folder 140 
Skipping 1 YTMA140-1_HE_good_23 
50 Left - YTMA140-1_HE_good_24 Tile - 1 Folder Left - In Folder 140 
Skipping 1 YTMA140-1_HE_good_24 
49 Left - YTMA140-1_HE_good_25 Tile - 1 Folder Left - In Folder 140 
Skipping 1 YTMA140-1_HE_good_25 
48 Left - YTMA140-1_HE_good_26 Tile - 1 Folder Left - In Folder 140 
Skipping 1 YTMA140-1_HE_good_26 
47 Left - YTMA140-1_HE_good_27 Tile - 1 Folder Left - In Folder 140 
Skipping 1 YTMA140-1_HE_good_27 
46 Left - YTMA140-1_HE_good_29 Tile - 1 Folder Left - In Folder 140 
Skipping 1 YTMA140-1_HE_good_29 
45 Left - YTMA140-1_HE_good_30 Tile - 1 Folder Left - In Folder 140 
Skipping 1 YTMA140-1_HE_good_30 
44 Left - YTMA140-1_HE_good_31 Tile - 1 Folder Left - In Folder 140 
Skipping 1 YTMA140-1_HE_good_31 
43 Left - YTMA140-1_HE_good_32 Tile - 1 Folder Left - In Folder 140 
Skipping 1 YTMA140-1_HE_good_32 
42 Left - YTMA140-1_HE_good_33 Tile - 1 Folder Left - In Folder 140 
Skipping 1 YTMA140-1_HE_good_33 
41 Left - YTMA140-1_HE_good_34 Tile - 1 Folder Left - In Folder 140 
Skipping 1 YTMA140-1_HE_good_34 
40 Left - YTMA140-1_HE_good_35 Tile - 1 Folder Left - In Folder 140 
Skipping 1 YTMA140-1_HE_good_35 
39 Left - YTMA140-1_HE_good_37 Tile - 1 Folder Left - In Folder 140 
Skipping 1 YTMA140-1_HE_good_37 
38 Left - YTMA140-1_HE_good_38 Tile - 1 Folder Left - In Folder 140 
Skipping 1 YTMA140-1_HE_good_38 
37 Left - YTMA140-1_HE_good_39 Tile - 1 Folder Left - In Folder 140 
Skipping 1 YTMA140-1_HE_good_39 
36 Left - YTMA140-1_HE_good_40 Tile - 1 Folder Left - In Folder 140 
Skipping 1 YTMA140-1_HE_good_40 
35 Left - YTMA140-1_HE_good_41 Tile - 1 Folder Left - In Folder 140 
Skipping 1 YTMA140-1_HE_good_41 
34 Left - YTMA140-1_HE_good_42 Tile - 1 Folder Left - In Folder 140 
Skipping 1 YTMA140-1_HE_good_42 
33 Left - YTMA140-1_HE_good_43 Tile - 1 Folder Left - In Folder 140 
Skipping 1 YTMA140-1_HE_good_43 
32 Left - YTMA140-1_HE_good_5 Tile - 1 Folder Left - In Folder 140 
Skipping 1 YTMA140-1_HE_good_5 
31 Left - YTMA140-1_HE_good_6 Tile - 1 Folder Left - In Folder 140 
Skipping 1 YTMA140-1_HE_good_6 
30 Left - YTMA140-1_HE_good_8 Tile - 1 Folder Left - In Folder 140 
Skipping 1 YTMA140-1_HE_good_8 
29 Left - YTMA140-1_HE_poor_11 Tile - 1 Folder Left - In Folder 140 
Skipping 1 YTMA140-1_HE_poor_11 
28 Left - YTMA140-1_HE_poor_13 Tile - 1 Folder Left - In Folder 140 
Skipping 1 YTMA140-1_HE_poor_13 
27 Left - YTMA140-1_HE_poor_15 Tile - 1 Folder Left - In Folder 140 
Skipping 1 YTMA140-1_HE_poor_15 
26 Left - YTMA140-1_HE_poor_16 Tile - 1 Folder Left - In Folder 140 
Skipping 1 YTMA140-1_HE_poor_16 
25 Left - YTMA140-1_HE_poor_17 Tile - 1 Folder Left - In Folder 140 
Skipping 1 YTMA140-1_HE_poor_17 
24 Left - YTMA140-1_HE_poor_20 Tile - 1 Folder Left - In Folder 140 
Skipping 1 YTMA140-1_HE_poor_20 
23 Left - YTMA140-1_HE_poor_21 Tile - 1 Folder Left - In Folder 140 
Skipping 1 YTMA140-1_HE_poor_21 
22 Left - YTMA140-1_HE_poor_22 Tile - 1 Folder Left - In Folder 140 
Skipping 1 YTMA140-1_HE_poor_22 
21 Left - YTMA140-1_HE_poor_23 Tile - 1 Folder Left - In Folder 140 
Skipping 1 YTMA140-1_HE_poor_23 
20 Left - YTMA140-1_HE_poor_24 Tile - 1 Folder Left - In Folder 140 
Skipping 1 YTMA140-1_HE_poor_24 
19 Left - YTMA140-1_HE_poor_25 Tile - 1 Folder Left - In Folder 140 
Skipping 1 YTMA140-1_HE_poor_25 
18 Left - YTMA140-1_HE_poor_26 Tile - 1 Folder Left - In Folder 140 
Skipping 1 YTMA140-1_HE_poor_26 
17 Left - YTMA140-1_HE_poor_27 Tile - 1 Folder Left - In Folder 140 
Skipping 1 YTMA140-1_HE_poor_27 
16 Left - YTMA140-1_HE_poor_28 Tile - 1 Folder Left - In Folder 140 
Skipping 1 YTMA140-1_HE_poor_28 
15 Left - YTMA140-1_HE_poor_29 Tile - 1 Folder Left - In Folder 140 
Skipping 1 YTMA140-1_HE_poor_29 
14 Left - YTMA140-1_HE_poor_30 Tile - 1 Folder Left - In Folder 140 
Skipping 1 YTMA140-1_HE_poor_30 
13 Left - YTMA140-1_HE_poor_31 Tile - 1 Folder Left - In Folder 140 
Skipping 1 YTMA140-1_HE_poor_31 
12 Left - YTMA140-1_HE_poor_32 Tile - 1 Folder Left - In Folder 140 
Skipping 1 YTMA140-1_HE_poor_32 
11 Left - YTMA140-1_HE_poor_33 Tile - 1 Folder Left - In Folder 140 
Skipping 1 YTMA140-1_HE_poor_33 
10 Left - YTMA140-1_HE_poor_34 Tile - 1 Folder Left - In Folder 140 
Skipping 1 YTMA140-1_HE_poor_34 
9 Left - YTMA140-1_HE_poor_35 Tile - 1 Folder Left - In Folder 140 
Skipping 1 YTMA140-1_HE_poor_35 
8 Left - YTMA140-1_HE_poor_36 Tile - 1 Folder Left - In Folder 140 
Skipping 1 YTMA140-1_HE_poor_36 
7 Left - YTMA140-1_HE_poor_37 Tile - 1 Folder Left - In Folder 140 
Skipping 1 YTMA140-1_HE_poor_37 
6 Left - YTMA140-1_HE_poor_39 Tile - 1 Folder Left - In Folder 140 
Skipping 1 YTMA140-1_HE_poor_39 
5 Left - YTMA140-1_HE_poor_40 Tile - 1 Folder Left - In Folder 140 
Skipping 1 YTMA140-1_HE_poor_40 
4 Left - YTMA140-1_HE_poor_5 Tile - 1 Folder Left - In Folder 140 
Skipping 1 YTMA140-1_HE_poor_5 
3 Left - YTMA140-1_HE_poor_6 Tile - 1 Folder Left - In Folder 140 
Skipping 1 YTMA140-1_HE_poor_6 
2 Left - YTMA140-1_HE_poor_7 Tile - 1 Folder Left - In Folder 140 
Skipping 1 YTMA140-1_HE_poor_7 
1 Left - YTMA140-1_HE_poor_8 Tile - 1 Folder Left - In Folder 140 
Skipping 1 YTMA140-1_HE_poor_8 
0 Left - YTMA140-1_HE_poor_9 Tile - 1 Folder Left - In Folder 140 
Skipping 1 YTMA140-1_HE_poor_9 
All done
