
                            < M A T L A B (R) >
                  Copyright 1984-2016 The MathWorks, Inc.
                   R2016b (9.1.0.441655) 64-bit (glnxa64)
                             September 7, 2016

 
To get started, type one of these: helpwin, helpdesk, or demo.
For product information, visit www.mathworks.com.
 
.......................................................................................................................................................................................................................................................................*.................................................................*..................................................................................................................*....................................................................................................................................................................................................................................................................................................................................................................................................................................................................................*......................................................................................................*
optimization finished, #iter = 1010370
nu = 0.023030
obj = -40.176579, rho = -28.192786
nSV = 45, nBSV = 39
Total nSV = 45
163 Left - YTMA79-5_HE_10_good Tile - 0 Folder Left - In Folder 79 
162 Left - YTMA79-5_HE_10_poor Tile - 0 Folder Left - In Folder 79 
161 Left - YTMA79-5_HE_11_good Tile - 0 Folder Left - In Folder 79 
160 Left - YTMA79-5_HE_11_poor Tile - 0 Folder Left - In Folder 79 
159 Left - YTMA79-5_HE_12_good Tile - 0 Folder Left - In Folder 79 
158 Left - YTMA79-5_HE_12_poor Tile - 0 Folder Left - In Folder 79 
157 Left - YTMA79-5_HE_13_good Tile - 0 Folder Left - In Folder 79 
156 Left - YTMA79-5_HE_14_good Tile - 0 Folder Left - In Folder 79 
155 Left - YTMA79-5_HE_14_poor Tile - 0 Folder Left - In Folder 79 
154 Left - YTMA79-5_HE_15_good Tile - 0 Folder Left - In Folder 79 
153 Left - YTMA79-5_HE_15_poor Tile - 0 Folder Left - In Folder 79 
152 Left - YTMA79-5_HE_16_poor Tile - 0 Folder Left - In Folder 79 
151 Left - YTMA79-5_HE_17_poor Tile - 0 Folder Left - In Folder 79 
150 Left - YTMA79-5_HE_18_poor Tile - 0 Folder Left - In Folder 79 
149 Left - YTMA79-5_HE_1_good Tile - 0 Folder Left - In Folder 79 
148 Left - YTMA79-5_HE_1_poor Tile - 0 Folder Left - In Folder 79 
147 Left - YTMA79-5_HE_20_poor Tile - 0 Folder Left - In Folder 79 
146 Left - YTMA79-5_HE_21_poor Tile - 0 Folder Left - In Folder 79 
145 Left - YTMA79-5_HE_22_poor Tile - 0 Folder Left - In Folder 79 
144 Left - YTMA79-5_HE_23_poor Tile - 0 Folder Left - In Folder 79 
143 Left - YTMA79-5_HE_24_poor Tile - 0 Folder Left - In Folder 79 
142 Left - YTMA79-5_HE_25_poor Tile - 0 Folder Left - In Folder 79 
141 Left - YTMA79-5_HE_26_poor Tile - 0 Folder Left - In Folder 79 
140 Left - YTMA79-5_HE_27_poor Tile - 0 Folder Left - In Folder 79 
139 Left - YTMA79-5_HE_28_poor Tile - 0 Folder Left - In Folder 79 
138 Left - YTMA79-5_HE_29_poor Tile - 0 Folder Left - In Folder 79 
137 Left - YTMA79-5_HE_2_good Tile - 0 Folder Left - In Folder 79 
136 Left - YTMA79-5_HE_2_poor Tile - 0 Folder Left - In Folder 79 
135 Left - YTMA79-5_HE_30_poor Tile - 0 Folder Left - In Folder 79 
134 Left - YTMA79-5_HE_32_poor Tile - 0 Folder Left - In Folder 79 
133 Left - YTMA79-5_HE_33_poor Tile - 0 Folder Left - In Folder 79 
132 Left - YTMA79-5_HE_34_poor Tile - 0 Folder Left - In Folder 79 
131 Left - YTMA79-5_HE_35_poor Tile - 0 Folder Left - In Folder 79 
130 Left - YTMA79-5_HE_38_poor Tile - 0 Folder Left - In Folder 79 
129 Left - YTMA79-5_HE_3_good Tile - 0 Folder Left - In Folder 79 
128 Left - YTMA79-5_HE_3_poor Tile - 0 Folder Left - In Folder 79 
127 Left - YTMA79-5_HE_40_poor Tile - 0 Folder Left - In Folder 79 
126 Left - YTMA79-5_HE_41_poor Tile - 0 Folder Left - In Folder 79 
125 Left - YTMA79-5_HE_42_poor Tile - 0 Folder Left - In Folder 79 
124 Left - YTMA79-5_HE_43_poor Tile - 0 Folder Left - In Folder 79 
123 Left - YTMA79-5_HE_44_poor Tile - 0 Folder Left - In Folder 79 
122 Left - YTMA79-5_HE_45_poor Tile - 0 Folder Left - In Folder 79 
121 Left - YTMA79-5_HE_46_poor Tile - 0 Folder Left - In Folder 79 
120 Left - YTMA79-5_HE_47_poor Tile - 0 Folder Left - In Folder 79 
119 Left - YTMA79-5_HE_48_poor Tile - 0 Folder Left - In Folder 79 
118 Left - YTMA79-5_HE_4_good Tile - 0 Folder Left - In Folder 79 
117 Left - YTMA79-5_HE_4_poor Tile - 0 Folder Left - In Folder 79 
116 Left - YTMA79-5_HE_5_good Tile - 0 Folder Left - In Folder 79 
115 Left - YTMA79-5_HE_5_poor Tile - 0 Folder Left - In Folder 79 
114 Left - YTMA79-5_HE_6_good Tile - 0 Folder Left - In Folder 79 
113 Left - YTMA79-5_HE_6_poor Tile - 0 Folder Left - In Folder 79 
112 Left - YTMA79-5_HE_7_good Tile - 0 Folder Left - In Folder 79 
111 Left - YTMA79-5_HE_7_poor Tile - 0 Folder Left - In Folder 79 
110 Left - YTMA79-5_HE_8_good Tile - 0 Folder Left - In Folder 79 
109 Left - YTMA79-5_HE_8_poor Tile - 0 Folder Left - In Folder 79 
108 Left - YTMA79-5_HE_9_good Tile - 0 Folder Left - In Folder 79 
107 Left - YTMA79-5_HE_9_poor Tile - 0 Folder Left - In Folder 79 
106 Left - YTMA79-5_HE_good_10 Tile - 0 Folder Left - In Folder 79 
105 Left - YTMA79-5_HE_good_11 Tile - 0 Folder Left - In Folder 79 
104 Left - YTMA79-5_HE_good_12 Tile - 0 Folder Left - In Folder 79 
103 Left - YTMA79-5_HE_good_13 Tile - 0 Folder Left - In Folder 79 
102 Left - YTMA79-5_HE_good_15 Tile - 0 Folder Left - In Folder 79 
101 Left - YTMA79-5_HE_good_16 Tile - 0 Folder Left - In Folder 79 
100 Left - YTMA79-5_HE_good_17 Tile - 0 Folder Left - In Folder 79 
99 Left - YTMA79-5_HE_good_18 Tile - 0 Folder Left - In Folder 79 
98 Left - YTMA79-5_HE_good_19 Tile - 0 Folder Left - In Folder 79 
97 Left - YTMA79-5_HE_good_1 Tile - 0 Folder Left - In Folder 79 
96 Left - YTMA79-5_HE_good_20 Tile - 0 Folder Left - In Folder 79 
95 Left - YTMA79-5_HE_good_21 Tile - 0 Folder Left - In Folder 79 
94 Left - YTMA79-5_HE_good_23 Tile - 0 Folder Left - In Folder 79 
93 Left - YTMA79-5_HE_good_24 Tile - 0 Folder Left - In Folder 79 
92 Left - YTMA79-5_HE_good_25 Tile - 0 Folder Left - In Folder 79 
91 Left - YTMA79-5_HE_good_26 Tile - 0 Folder Left - In Folder 79 
90 Left - YTMA79-5_HE_good_27 Tile - 0 Folder Left - In Folder 79 
89 Left - YTMA79-5_HE_good_28 Tile - 0 Folder Left - In Folder 79 
88 Left - YTMA79-5_HE_good_32 Tile - 0 Folder Left - In Folder 79 
87 Left - YTMA79-5_HE_good_33 Tile - 0 Folder Left - In Folder 79 
86 Left - YTMA79-5_HE_good_34 Tile - 0 Folder Left - In Folder 79 
85 Left - YTMA79-5_HE_good_4 Tile - 0 Folder Left - In Folder 79 
84 Left - YTMA79-5_HE_good_5 Tile - 0 Folder Left - In Folder 79 
83 Left - YTMA79-5_HE_good_6 Tile - 0 Folder Left - In Folder 79 
82 Left - YTMA79-5_HE_good_7 Tile - 0 Folder Left - In Folder 79 
81 Left - YTMA79-5_HE_good_8 Tile - 0 Folder Left - In Folder 79 
80 Left - YTMA79-5_HE_good_9 Tile - 0 Folder Left - In Folder 79 
79 Left - YTMA79-5_HE_poor_10 Tile - 0 Folder Left - In Folder 79 
78 Left - YTMA79-5_HE_poor_11 Tile - 0 Folder Left - In Folder 79 
77 Left - YTMA79-5_HE_poor_12 Tile - 0 Folder Left - In Folder 79 
76 Left - YTMA79-5_HE_poor_13 Tile - 0 Folder Left - In Folder 79 
75 Left - YTMA79-5_HE_poor_14 Tile - 0 Folder Left - In Folder 79 
74 Left - YTMA79-5_HE_poor_15 Tile - 0 Folder Left - In Folder 79 
73 Left - YTMA79-5_HE_poor_16 Tile - 0 Folder Left - In Folder 79 
72 Left - YTMA79-5_HE_poor_17 Tile - 0 Folder Left - In Folder 79 
71 Left - YTMA79-5_HE_poor_18 Tile - 0 Folder Left - In Folder 79 
70 Left - YTMA79-5_HE_poor_2 Tile - 0 Folder Left - In Folder 79 
69 Left - YTMA79-5_HE_poor_3 Tile - 0 Folder Left - In Folder 79 
68 Left - YTMA79-5_HE_poor_4 Tile - 0 Folder Left - In Folder 79 
67 Left - YTMA79-5_HE_poor_5 Tile - 0 Folder Left - In Folder 79 
66 Left - YTMA79-5_HE_poor_7 Tile - 0 Folder Left - In Folder 79 
65 Left - YTMA79-5_HE_poor_9 Tile - 0 Folder Left - In Folder 79 
64 Left - add_YTMA79-5_HE_10_good Tile - 0 Folder Left - In Folder 79 
63 Left - add_YTMA79-5_HE_10_poor Tile - 0 Folder Left - In Folder 79 
62 Left - add_YTMA79-5_HE_11_poor Tile - 0 Folder Left - In Folder 79 
61 Left - add_YTMA79-5_HE_12_good Tile - 0 Folder Left - In Folder 79 
60 Left - add_YTMA79-5_HE_12_poor Tile - 0 Folder Left - In Folder 79 
59 Left - add_YTMA79-5_HE_13_good Tile - 0 Folder Left - In Folder 79 
58 Left - add_YTMA79-5_HE_14_good Tile - 0 Folder Left - In Folder 79 
57 Left - add_YTMA79-5_HE_14_poor Tile - 0 Folder Left - In Folder 79 
56 Left - add_YTMA79-5_HE_15_good Tile - 0 Folder Left - In Folder 79 
55 Left - add_YTMA79-5_HE_15_poor Tile - 0 Folder Left - In Folder 79 
54 Left - add_YTMA79-5_HE_16_good Tile - 0 Folder Left - In Folder 79 
53 Left - add_YTMA79-5_HE_16_poor Tile - 0 Folder Left - In Folder 79 
52 Left - add_YTMA79-5_HE_17_good Tile - 0 Folder Left - In Folder 79 
51 Left - add_YTMA79-5_HE_17_poor Tile - 0 Folder Left - In Folder 79 
50 Left - add_YTMA79-5_HE_18_poor Tile - 0 Folder Left - In Folder 79 
49 Left - add_YTMA79-5_HE_19_poor Tile - 0 Folder Left - In Folder 79 
48 Left - add_YTMA79-5_HE_1_good Tile - 0 Folder Left - In Folder 79 
47 Left - add_YTMA79-5_HE_20_good Tile - 0 Folder Left - In Folder 79 
46 Left - add_YTMA79-5_HE_20_poor Tile - 0 Folder Left - In Folder 79 
45 Left - add_YTMA79-5_HE_21_good Tile - 0 Folder Left - In Folder 79 
44 Left - add_YTMA79-5_HE_21_poor Tile - 0 Folder Left - In Folder 79 
43 Left - add_YTMA79-5_HE_22_good Tile - 0 Folder Left - In Folder 79 
42 Left - add_YTMA79-5_HE_22_poor Tile - 0 Folder Left - In Folder 79 
41 Left - add_YTMA79-5_HE_23_poor Tile - 0 Folder Left - In Folder 79 
40 Left - add_YTMA79-5_HE_24_good Tile - 0 Folder Left - In Folder 79 
39 Left - add_YTMA79-5_HE_24_poor Tile - 0 Folder Left - In Folder 79 
38 Left - add_YTMA79-5_HE_25_good Tile - 0 Folder Left - In Folder 79 
37 Left - add_YTMA79-5_HE_26_good Tile - 0 Folder Left - In Folder 79 
36 Left - add_YTMA79-5_HE_26_poor Tile - 0 Folder Left - In Folder 79 
35 Left - add_YTMA79-5_HE_27_good Tile - 0 Folder Left - In Folder 79 
34 Left - add_YTMA79-5_HE_27_poor Tile - 0 Folder Left - In Folder 79 
33 Left - add_YTMA79-5_HE_28_good Tile - 0 Folder Left - In Folder 79 
32 Left - add_YTMA79-5_HE_29_good Tile - 0 Folder Left - In Folder 79 
31 Left - add_YTMA79-5_HE_29_poor Tile - 0 Folder Left - In Folder 79 
30 Left - add_YTMA79-5_HE_2_good Tile - 0 Folder Left - In Folder 79 
29 Left - add_YTMA79-5_HE_30_good Tile - 0 Folder Left - In Folder 79 
28 Left - add_YTMA79-5_HE_30_poor Tile - 0 Folder Left - In Folder 79 
27 Left - add_YTMA79-5_HE_31_good Tile - 0 Folder Left - In Folder 79 
26 Left - add_YTMA79-5_HE_31_poor Tile - 0 Folder Left - In Folder 79 
25 Left - add_YTMA79-5_HE_32_good Tile - 0 Folder Left - In Folder 79 
24 Left - add_YTMA79-5_HE_33_poor Tile - 0 Folder Left - In Folder 79 
23 Left - add_YTMA79-5_HE_34_good Tile - 0 Folder Left - In Folder 79 
22 Left - add_YTMA79-5_HE_34_poor Tile - 0 Folder Left - In Folder 79 
21 Left - add_YTMA79-5_HE_35_good Tile - 0 Folder Left - In Folder 79 
20 Left - add_YTMA79-5_HE_35_poor Tile - 0 Folder Left - In Folder 79 
19 Left - add_YTMA79-5_HE_36_poor Tile - 0 Folder Left - In Folder 79 
18 Left - add_YTMA79-5_HE_37_poor Tile - 0 Folder Left - In Folder 79 
17 Left - add_YTMA79-5_HE_38_poor Tile - 0 Folder Left - In Folder 79 
16 Left - add_YTMA79-5_HE_39_poor Tile - 0 Folder Left - In Folder 79 
15 Left - add_YTMA79-5_HE_3_good Tile - 0 Folder Left - In Folder 79 
14 Left - add_YTMA79-5_HE_3_poor Tile - 0 Folder Left - In Folder 79 
13 Left - add_YTMA79-5_HE_40_poor Tile - 0 Folder Left - In Folder 79 
12 Left - add_YTMA79-5_HE_41_poor Tile - 0 Folder Left - In Folder 79 
11 Left - add_YTMA79-5_HE_42_poor Tile - 0 Folder Left - In Folder 79 
10 Left - add_YTMA79-5_HE_4_good Tile - 0 Folder Left - In Folder 79 
9 Left - add_YTMA79-5_HE_4_poor Tile - 0 Folder Left - In Folder 79 
8 Left - add_YTMA79-5_HE_5_good Tile - 0 Folder Left - In Folder 79 
7 Left - add_YTMA79-5_HE_5_poor Tile - 0 Folder Left - In Folder 79 
6 Left - add_YTMA79-5_HE_6_good Tile - 0 Folder Left - In Folder 79 
5 Left - add_YTMA79-5_HE_6_poor Tile - 0 Folder Left - In Folder 79 
4 Left - add_YTMA79-5_HE_7_good Tile - 0 Folder Left - In Folder 79 
3 Left - add_YTMA79-5_HE_7_poor Tile - 0 Folder Left - In Folder 79 
2 Left - add_YTMA79-5_HE_8_poor Tile - 0 Folder Left - In Folder 79 
1 Left - add_YTMA79-5_HE_9_good Tile - 0 Folder Left - In Folder 79 
0 Left - add_YTMA79-5_HE_9_poor Tile - 0 Folder Left - In Folder 79 
All done
